2025-03-06 16:39:33 INFO  GardenSimulationAPILogger - Initializing Garden
2025-03-06 16:39:43 INFO  GardenSimulationAPILogger - API called to handle parasite: Rat
2025-03-06 16:39:53 INFO  GardenSimulationAPILogger - API called to handle parasite: Aphids
2025-03-06 16:40:03 INFO  GardenSimulationAPILogger - API called to handle parasite: Crow
2025-03-06 16:40:13 INFO  GardenSimulationAPILogger - API called temperature set to: 13
2025-03-06 16:40:13 INFO  GardenSimulationAPILogger - API called to handle parasite: Slugs
2025-03-06 16:40:23 INFO  GardenSimulationAPILogger - API called to handle parasite: Aphids
2025-03-06 16:40:33 INFO  GardenSimulationAPILogger - API called rain with amount: 34
2025-03-06 16:40:33 INFO  GardenSimulationAPILogger - API called to handle parasite: Crow
2025-03-06 16:40:43 INFO  GardenSimulationAPILogger - API called to handle parasite: Rat
2025-03-06 16:40:53 INFO  GardenSimulationAPILogger - API called temperature set to: 26
2025-03-06 16:40:53 INFO  GardenSimulationAPILogger - API called to handle parasite: Slugs
2025-03-06 16:41:03 INFO  GardenSimulationAPILogger - API called to handle parasite: Aphids
2025-03-06 16:41:13 INFO  GardenSimulationAPILogger - API called to handle parasite: Slugs
2025-03-06 16:41:23 INFO  GardenSimulationAPILogger - API called to handle parasite: Slugs
2025-03-06 16:41:34 INFO  GardenSimulationAPILogger - API called rain with amount: 2
2025-03-06 16:41:34 INFO  GardenSimulationAPILogger - API called temperature set to: 15
2025-03-06 16:41:34 INFO  GardenSimulationAPILogger - API called to handle parasite: Crow
2025-03-06 16:41:43 INFO  GardenSimulationAPILogger - API called to handle parasite: Slugs
2025-03-06 16:41:53 INFO  GardenSimulationAPILogger - API called to handle parasite: Slugs
2025-03-06 16:42:03 INFO  GardenSimulationAPILogger - API called to handle parasite: Rat
2025-03-06 16:42:13 INFO  GardenSimulationAPILogger - API called temperature set to: 21
2025-03-06 16:42:13 INFO  GardenSimulationAPILogger - API called to handle parasite: Slugs
2025-03-06 16:42:23 INFO  GardenSimulationAPILogger - API called to handle parasite: Crow
2025-03-06 16:42:33 INFO  GardenSimulationAPILogger - API called rain with amount: 18
2025-03-06 16:42:33 INFO  GardenSimulationAPILogger - API called to handle parasite: Crow
2025-03-06 16:42:43 INFO  GardenSimulationAPILogger - API called to handle parasite: Slugs
2025-03-06 16:42:53 INFO  GardenSimulationAPILogger - API called temperature set to: 15
2025-03-06 16:42:53 INFO  GardenSimulationAPILogger - API called to handle parasite: Crow
2025-03-06 16:43:04 INFO  GardenSimulationAPILogger - API called to handle parasite: Rat
2025-03-06 16:43:13 INFO  GardenSimulationAPILogger - API called to handle parasite: Rat
2025-03-06 16:43:23 INFO  GardenSimulationAPILogger - API called to handle parasite: Crow
2025-03-06 16:43:33 INFO  GardenSimulationAPILogger - API called rain with amount: 39
2025-03-06 16:43:33 INFO  GardenSimulationAPILogger - API called temperature set to: 48
2025-03-06 16:43:34 INFO  GardenSimulationAPILogger - API called to handle parasite: Rat
2025-03-06 16:43:43 INFO  GardenSimulationAPILogger - API called to handle parasite: Aphids
2025-03-06 16:43:53 INFO  GardenSimulationAPILogger - API called to handle parasite: Aphids
2025-03-06 16:44:04 INFO  GardenSimulationAPILogger - API called to handle parasite: Aphids
2025-03-06 16:44:13 INFO  GardenSimulationAPILogger - API called temperature set to: 37
2025-03-06 16:44:13 INFO  GardenSimulationAPILogger - API called to handle parasite: Aphids
2025-03-06 16:44:23 INFO  GardenSimulationAPILogger - API called to handle parasite: Rat
2025-03-06 16:44:34 INFO  GardenSimulationAPILogger - API called rain with amount: 3
2025-03-06 16:44:34 INFO  GardenSimulationAPILogger - API called to handle parasite: Slugs
2025-03-06 16:52:52 INFO  GardenSimulationAPILogger - Initializing Garden
2025-03-06 16:53:02 INFO  GardenSimulationAPILogger - API called to handle parasite: Aphids
2025-03-06 16:53:12 INFO  GardenSimulationAPILogger - API called to handle parasite: Crow
2025-03-06 16:53:22 INFO  GardenSimulationAPILogger - API called to handle parasite: Rat
2025-03-06 16:53:32 INFO  GardenSimulationAPILogger - API called temperature set to: 59
2025-03-06 16:53:32 INFO  GardenSimulationAPILogger - API called to handle parasite: Locust
2025-03-06 16:53:42 INFO  GardenSimulationAPILogger - API called to handle parasite: Slugs
2025-03-06 16:53:52 INFO  GardenSimulationAPILogger - API called rain with amount: 7
2025-03-06 16:53:52 INFO  GardenSimulationAPILogger - API called to handle parasite: Locust
2025-03-06 16:54:02 INFO  GardenSimulationAPILogger - API called to handle parasite: Aphids
2025-03-06 16:54:12 INFO  GardenSimulationAPILogger - API called temperature set to: 69
2025-03-06 16:54:12 INFO  GardenSimulationAPILogger - API called to handle parasite: Crow
2025-03-06 16:54:22 INFO  GardenSimulationAPILogger - API called to handle parasite: Slugs
2025-03-06 16:54:32 INFO  GardenSimulationAPILogger - API called to handle parasite: Rat
2025-03-06 16:54:42 INFO  GardenSimulationAPILogger - API called to handle parasite: Slugs
2025-03-06 16:54:52 INFO  GardenSimulationAPILogger - API called rain with amount: 39
2025-03-06 16:54:52 INFO  GardenSimulationAPILogger - API called temperature set to: 5
2025-03-06 16:54:52 INFO  GardenSimulationAPILogger - API called to handle parasite: Locust
2025-03-06 16:55:02 INFO  GardenSimulationAPILogger - API called to handle parasite: Rat
2025-03-06 16:55:12 INFO  GardenSimulationAPILogger - API called to handle parasite: Slugs
2025-03-06 16:55:22 INFO  GardenSimulationAPILogger - API called to handle parasite: Locust
2025-03-06 16:55:32 INFO  GardenSimulationAPILogger - API called temperature set to: 23
2025-03-06 16:55:32 INFO  GardenSimulationAPILogger - API called to handle parasite: Crow
2025-03-06 16:55:42 INFO  GardenSimulationAPILogger - API called to handle parasite: Aphids
2025-03-06 16:55:52 INFO  GardenSimulationAPILogger - API called rain with amount: 18
2025-03-06 16:55:52 INFO  GardenSimulationAPILogger - API called to handle parasite: Slugs
2025-03-06 16:56:02 INFO  GardenSimulationAPILogger - API called to handle parasite: Crow
2025-03-06 16:56:12 INFO  GardenSimulationAPILogger - API called temperature set to: 21
2025-03-06 16:56:12 INFO  GardenSimulationAPILogger - API called to handle parasite: Rat
2025-03-06 16:56:22 INFO  GardenSimulationAPILogger - API called to handle parasite: Crow
2025-03-06 16:56:32 INFO  GardenSimulationAPILogger - API called to handle parasite: Locust
2025-03-06 16:56:42 INFO  GardenSimulationAPILogger - API called to handle parasite: Aphids
2025-03-06 16:56:52 INFO  GardenSimulationAPILogger - API called rain with amount: 18
2025-03-06 16:56:52 INFO  GardenSimulationAPILogger - API called temperature set to: 47
2025-03-06 16:56:52 INFO  GardenSimulationAPILogger - API called to handle parasite: Slugs
2025-03-06 16:57:02 INFO  GardenSimulationAPILogger - API called to handle parasite: Aphids
2025-03-06 16:57:12 INFO  GardenSimulationAPILogger - API called to handle parasite: Locust
2025-03-06 16:57:22 INFO  GardenSimulationAPILogger - API called to handle parasite: Aphids
2025-03-06 16:57:32 INFO  GardenSimulationAPILogger - API called temperature set to: 27
2025-03-06 16:57:32 INFO  GardenSimulationAPILogger - API called to handle parasite: Aphids
2025-03-06 16:57:42 INFO  GardenSimulationAPILogger - API called to handle parasite: Aphids
2025-03-06 16:57:52 INFO  GardenSimulationAPILogger - API called rain with amount: 25
2025-03-06 16:57:52 INFO  GardenSimulationAPILogger - API called to handle parasite: Locust
2025-03-06 16:58:02 INFO  GardenSimulationAPILogger - API called to handle parasite: Slugs
2025-03-06 16:58:12 INFO  GardenSimulationAPILogger - API called temperature set to: 18
2025-03-06 16:58:12 INFO  GardenSimulationAPILogger - API called to handle parasite: Rat
2025-03-06 16:58:22 INFO  GardenSimulationAPILogger - API called to handle parasite: Aphids
2025-03-06 16:58:32 INFO  GardenSimulationAPILogger - API called to handle parasite: Aphids
2025-03-06 16:58:42 INFO  GardenSimulationAPILogger - API called to handle parasite: Aphids
2025-03-06 16:58:52 INFO  GardenSimulationAPILogger - API called rain with amount: 31
2025-03-06 16:58:52 INFO  GardenSimulationAPILogger - API called temperature set to: 32
2025-03-06 16:58:52 INFO  GardenSimulationAPILogger - API called to handle parasite: Rat
2025-03-06 16:59:02 INFO  GardenSimulationAPILogger - API called to handle parasite: Aphids
2025-03-06 16:59:12 INFO  GardenSimulationAPILogger - API called to handle parasite: Rat
2025-03-06 16:59:22 INFO  GardenSimulationAPILogger - API called to handle parasite: Locust
2025-03-06 16:59:32 INFO  GardenSimulationAPILogger - API called temperature set to: 1
2025-03-06 16:59:32 INFO  GardenSimulationAPILogger - API called to handle parasite: Crow
2025-03-06 16:59:42 INFO  GardenSimulationAPILogger - API called to handle parasite: Rat
2025-03-06 16:59:52 INFO  GardenSimulationAPILogger - API called rain with amount: 26
2025-03-06 16:59:52 INFO  GardenSimulationAPILogger - API called to handle parasite: Slugs
2025-03-06 17:00:02 INFO  GardenSimulationAPILogger - API called to handle parasite: Rat
2025-03-06 17:00:12 INFO  GardenSimulationAPILogger - API called temperature set to: 59
2025-03-06 17:00:12 INFO  GardenSimulationAPILogger - API called to handle parasite: Locust
2025-03-06 17:00:22 INFO  GardenSimulationAPILogger - API called to handle parasite: Aphids
2025-03-06 17:00:32 INFO  GardenSimulationAPILogger - API called to handle parasite: Aphids
2025-03-06 17:00:42 INFO  GardenSimulationAPILogger - API called to handle parasite: Locust
2025-03-06 17:00:52 INFO  GardenSimulationAPILogger - API called rain with amount: 20
2025-03-06 17:00:52 INFO  GardenSimulationAPILogger - API called temperature set to: 31
2025-03-06 17:00:52 INFO  GardenSimulationAPILogger - API called to handle parasite: Crow
2025-03-06 17:01:02 INFO  GardenSimulationAPILogger - API called to handle parasite: Crow
2025-03-06 17:01:12 INFO  GardenSimulationAPILogger - API called to handle parasite: Locust
2025-03-06 17:01:22 INFO  GardenSimulationAPILogger - API called to handle parasite: Aphids
2025-03-06 17:01:32 INFO  GardenSimulationAPILogger - API called temperature set to: 69
2025-03-06 17:01:32 INFO  GardenSimulationAPILogger - API called to handle parasite: Rat
2025-03-06 17:01:42 INFO  GardenSimulationAPILogger - API called to handle parasite: Crow
2025-03-06 17:01:52 INFO  GardenSimulationAPILogger - API called rain with amount: 24
2025-03-06 17:01:52 INFO  GardenSimulationAPILogger - API called to handle parasite: Crow
2025-03-06 17:02:02 INFO  GardenSimulationAPILogger - API called to handle parasite: Slugs
2025-03-06 17:02:12 INFO  GardenSimulationAPILogger - API called temperature set to: 39
2025-03-06 17:02:12 INFO  GardenSimulationAPILogger - API called to handle parasite: Crow
2025-03-06 17:02:22 INFO  GardenSimulationAPILogger - API called to handle parasite: Crow
2025-03-06 17:02:32 INFO  GardenSimulationAPILogger - API called to handle parasite: Rat
2025-03-06 17:02:42 INFO  GardenSimulationAPILogger - API called to handle parasite: Rat
2025-03-06 17:02:52 INFO  GardenSimulationAPILogger - API called rain with amount: 17
2025-03-06 17:02:52 INFO  GardenSimulationAPILogger - API called temperature set to: 37
2025-03-06 17:02:52 INFO  GardenSimulationAPILogger - API called to handle parasite: Rat
2025-03-06 17:03:02 INFO  GardenSimulationAPILogger - API called to handle parasite: Aphids
2025-03-06 17:03:12 INFO  GardenSimulationAPILogger - API called to handle parasite: Crow
2025-03-06 17:03:22 INFO  GardenSimulationAPILogger - API called to handle parasite: Locust
2025-03-06 17:03:32 INFO  GardenSimulationAPILogger - API called temperature set to: 64
2025-03-06 17:03:32 INFO  GardenSimulationAPILogger - API called to handle parasite: Crow
2025-03-06 17:03:42 INFO  GardenSimulationAPILogger - API called to handle parasite: Aphids
2025-03-06 17:03:52 INFO  GardenSimulationAPILogger - API called rain with amount: 36
2025-03-06 17:03:52 INFO  GardenSimulationAPILogger - API called to handle parasite: Aphids
2025-03-06 17:04:02 INFO  GardenSimulationAPILogger - API called to handle parasite: Locust
2025-03-06 17:04:12 INFO  GardenSimulationAPILogger - API called temperature set to: 29
2025-03-06 17:04:12 INFO  GardenSimulationAPILogger - API called to handle parasite: Rat
2025-03-06 17:04:22 INFO  GardenSimulationAPILogger - API called to handle parasite: Crow
2025-03-06 17:04:32 INFO  GardenSimulationAPILogger - API called to handle parasite: Crow
2025-03-06 17:04:42 INFO  GardenSimulationAPILogger - API called to handle parasite: Rat
2025-03-06 17:04:52 INFO  GardenSimulationAPILogger - API called rain with amount: 10
2025-03-06 17:04:52 INFO  GardenSimulationAPILogger - API called temperature set to: 59
2025-03-06 17:04:52 INFO  GardenSimulationAPILogger - API called to handle parasite: Slugs
2025-03-06 17:05:02 INFO  GardenSimulationAPILogger - API called to handle parasite: Rat
2025-03-06 17:05:12 INFO  GardenSimulationAPILogger - API called to handle parasite: Locust
